TN:
SF:/root/ufpe-project-bsg/code/csvutils.c
FN:8,writeCSV
FNDA:1,writeCSV
FN:22,writeCSVLine
FNDA:6,writeCSVLine
FN:54,readCSV
FNDA:1,readCSV
FN:70,readCSVLine
FNDA:6,readCSVLine
DA:8,1
DA:9,1
DA:11,1
DA:12,4
BRDA:12,0,0,3
BRDA:12,0,1,1
DA:14,3
DA:15,3
DA:18,1
DA:19,1
DA:22,6
DA:23,6
DA:38,6
DA:39,6
DA:40,6
DA:41,6
DA:42,6
DA:43,6
DA:44,6
DA:45,6
DA:46,6
DA:47,6
DA:48,6
DA:49,6
DA:50,6
DA:52,6
DA:54,1
DA:55,1
DA:57,1
DA:58,1
DA:60,1
DA:62,4
BRDA:62,0,0,3
BRDA:62,0,1,1
BRDA:62,0,2,3
BRDA:62,0,3,0
DA:63,3
DA:65,1
DA:66,1
DA:70,6
DA:71,6
DA:100,6
end_of_record
TN:
SF:/root/ufpe-project-bsg/code/engine.c
FN:4,getEngineState
FNDA:10,getEngineState
DA:4,10
DA:5,10
DA:7,10
BRDA:7,0,0,4
BRDA:7,0,1,6
DA:8,4
DA:10,6
BRDA:10,0,0,1
BRDA:10,0,1,5
DA:11,1
DA:13,5
DA:16,10
end_of_record
TN:
SF:/root/ufpe-project-bsg/code/battery.c
FN:4,getBatteryState
FNDA:12,getBatteryState
DA:4,12
DA:6,12
DA:7,12
BRDA:7,0,0,1
BRDA:7,0,1,11
DA:8,1
DA:10,11
BRDA:10,0,0,9
BRDA:10,0,1,2
DA:12,9
BRDA:12,0,0,3
BRDA:12,0,1,6
DA:14,3
DA:18,6
DA:23,2
DA:25,12
end_of_record
TN:
SF:/root/ufpe-project-bsg/code/bsgcontrol.c
FN:4,selectBSGMode
FNDA:6,selectBSGMode
DA:4,6
DA:7,6
DA:10,6
BRDA:10,0,0,5
BRDA:10,0,1,1
DA:11,5
BRDA:11,0,0,2
BRDA:11,0,1,3
DA:12,2
BRDA:12,0,0,1
BRDA:12,0,1,1
DA:13,1
DA:16,1
DA:21,3
BRDA:21,0,0,1
BRDA:21,0,1,2
DA:22,1
DA:25,2
BRDA:25,0,0,1
BRDA:25,0,1,1
DA:26,1
DA:30,1
DA:35,1
DA:37,6
end_of_record
TN:
SF:/root/ufpe-project-bsg/code/vehicle.c
FN:4,getDriverIntention
FNDA:10,getDriverIntention
DA:4,10
DA:6,10
DA:8,10
BRDA:8,0,0,3
BRDA:8,0,1,7
DA:10,3
DA:14,7
BRDA:14,0,0,3
BRDA:14,0,1,4
DA:16,3
DA:20,4
DA:24,10
end_of_record
