TN:
SF:/home/rafael/projects/ufpe-project-bsg/code/engine.c
FN:4,getEngineState
FNDA:9,getEngineState
DA:4,9
DA:5,9
DA:7,9
BRDA:7,0,0,4
BRDA:7,0,1,5
DA:8,4
DA:10,5
BRDA:10,0,0,1
BRDA:10,0,1,4
DA:11,1
DA:13,4
DA:16,9
end_of_record
TN:
SF:/home/rafael/projects/ufpe-project-bsg/code/vehicle.c
FN:4,getDriverIntention
FNDA:11,getDriverIntention
DA:4,11
DA:6,11
DA:8,11
BRDA:8,0,0,3
BRDA:8,0,1,8
DA:10,3
DA:14,8
BRDA:14,0,0,3
BRDA:14,0,1,5
DA:16,3
DA:20,5
DA:24,11
end_of_record
TN:
SF:/home/rafael/projects/ufpe-project-bsg/code/bsgcontrol.c
FN:4,selectBSGMode
FNDA:5,selectBSGMode
DA:4,5
DA:8,5
BRDA:8,0,0,2
BRDA:8,0,1,3
BRDA:8,0,2,2
BRDA:8,0,3,0
BRDA:8,0,4,1
BRDA:8,0,5,1
DA:10,1
DA:14,4
BRDA:14,0,0,1
BRDA:14,0,1,3
BRDA:14,0,2,1
BRDA:14,0,3,0
DA:16,1
DA:20,3
BRDA:20,0,0,1
BRDA:20,0,1,2
BRDA:20,0,2,1
BRDA:20,0,3,0
BRDA:20,0,4,1
BRDA:20,0,5,0
DA:21,1
DA:24,2
end_of_record
TN:
SF:/home/rafael/projects/ufpe-project-bsg/code/battery.c
FN:4,getBatteryState
FNDA:11,getBatteryState
DA:4,11
DA:6,11
DA:7,11
BRDA:7,0,0,1
BRDA:7,0,1,10
DA:8,1
DA:10,10
BRDA:10,0,0,8
BRDA:10,0,1,2
DA:12,8
BRDA:12,0,0,4
BRDA:12,0,1,4
DA:14,4
DA:18,4
DA:23,2
DA:25,11
end_of_record
TN:
SF:/home/rafael/projects/ufpe-project-bsg/code/csvutils.c
FN:8,writeCSV
FNDA:1,writeCSV
FN:29,writeCSVLine
FNDA:6,writeCSVLine
FN:59,readCSV
FNDA:1,readCSV
FN:82,readCSVLine
FNDA:6,readCSVLine
DA:8,1
DA:9,1
DA:10,1
DA:12,1
BRDA:12,0,0,0
BRDA:12,0,1,1
DA:13,0
DA:14,0
DA:17,1
DA:18,4
BRDA:18,0,0,3
BRDA:18,0,1,1
DA:20,3
DA:21,3
DA:23,1
DA:25,1
DA:26,1
DA:29,6
DA:30,6
DA:43,6
DA:44,6
DA:45,6
DA:46,6
DA:47,6
DA:48,6
DA:49,6
DA:50,6
DA:51,6
DA:52,6
DA:53,6
DA:54,6
DA:55,6
DA:57,6
DA:59,1
DA:60,1
DA:61,1
DA:63,1
BRDA:63,0,0,0
BRDA:63,0,1,1
DA:64,0
DA:65,0
DA:67,1
DA:68,1
DA:69,1
DA:71,1
DA:73,4
BRDA:73,0,0,3
BRDA:73,0,1,1
BRDA:73,0,2,3
BRDA:73,0,3,0
DA:74,3
DA:76,1
DA:78,1
DA:79,1
DA:82,6
DA:83,6
DA:110,6
end_of_record
